mobile/manifest-merger-release-report.txt
-- Merging decision tree log ---
manifest
ADDED from AndroidManifest.xml:2:1
	xmlns:android
		ADDED from AndroidManifest.xml:2:11
	package
		ADDED from AndroidManifest.xml:3:5
		INJECTED from AndroidManifest.xml:0:0
		INJECTED from AndroidManifest.xml:0:0
	android:versionName
		INJECTED from AndroidManifest.xml:0:0
		INJECTED from AndroidManifest.xml:0:0
	android:versionCode
		INJECTED from AndroidManifest.xml:0:0
		INJECTED from AndroidManifest.xml:0:0
uses-permission#android.permission.INTERNET
ADDED from AndroidManifest.xml:6:5
MERGED from com.crashlytics.sdk.android:crashlytics:2.2.0:11:5
	android:name
		ADDED from AndroidManifest.xml:6:22
uses-permission#android.permission.ACCESS_FINE_LOCATION
ADDED from AndroidManifest.xml:7:5
MERGED from io.nlopez.smartlocation:library:3.0.1:13:5
	android:name
		ADDED from AndroidManifest.xml:7:22
uses-permission#android.permission.ACCESS_COARSE_LOCATION
ADDED from AndroidManifest.xml:8:5
MERGED from io.nlopez.smartlocation:library:3.0.1:11:5
	android:name
		ADDED from AndroidManifest.xml:8:22
uses-permission#android.permission.ACCESS_NETWORK_STATE
ADDED from AndroidManifest.xml:9:5
MERGED from io.nlopez.smartlocation:library:3.0.1:12:5
	android:name
		ADDED from AndroidManifest.xml:9:22
uses-permission#android.permission.WAKE_LOCK
ADDED from AndroidManifest.xml:10:5
	android:name
		ADDED from AndroidManifest.xml:10:22
uses-permission#com.google.android.providers.gsf.permission.READ_GSERVICES
ADDED from AndroidManifest.xml:11:5
MERGED from io.nlopez.smartlocation:library:3.0.1:14:5
	android:name
		ADDED from AndroidManifest.xml:11:22
uses-permission#android.permission.WRITE_EXTERNAL_STORAGE
ADDED from AndroidManifest.xml:12:5
	android:name
		ADDED from AndroidManifest.xml:12:22
uses-permission#com.android.vending.CHECK_LICENSE
ADDED from AndroidManifest.xml:13:5
	android:name
		ADDED from AndroidManifest.xml:13:22
uses-permission#android.permission.RECEIVE_BOOT_COMPLETED
ADDED from AndroidManifest.xml:14:5
	android:name
		ADDED from AndroidManifest.xml:14:22
application
ADDED from AndroidManifest.xml:17:5
MERGED from com.nhaarman.listviewanimations:lib-core:3.1.0:26:5
MERGED from com.android.support:cardview-v7:21.0.3:16:5
MERGED from com.github.gabrielemariotti.cards:library:1.9.1:28:5
MERGED from com.android.support:support-v4:21.0.3:16:5
MERGED from com.android.support:appcompat-v7:21.0.3:16:5
MERGED from com.android.support:support-v4:21.0.3:16:5
MERGED from com.google.android.gms:play-services:6.5.87:20:5
MERGED from com.android.support:support-v4:21.0.3:16:5
MERGED from com.github.johnkil.android-robototextview:robototextview:2.2.0:12:5
MERGED from com.melnykov:floatingactionbutton:1.1.0:12:5
MERGED from com.android.support:recyclerview-v7:21.0.0:17:5
MERGED from com.android.support:support-v4:21.0.3:16:5
MERGED from com.android.support:palette-v7:21.0.3:16:5
MERGED from com.android.support:support-v4:21.0.3:16:5
MERGED from com.github.markushi:android-ui:1.2:9:5
MERGED from it.neokree:MaterialNavigationDrawer:1.2.9:14:5
MERGED from com.android.support:appcompat-v7:21.0.3:16:5
MERGED from com.android.support:support-v4:21.0.3:16:5
MERGED from com.github.markushi:android-ui:1.2:9:5
MERGED from com.crashlytics.sdk.android:crashlytics:2.2.0:13:5
MERGED from com.crashlytics.sdk.android:answers:1.1.0:11:5
MERGED from io.fabric.sdk.android:fabric:1.1.0:11:5
MERGED from com.crashlytics.sdk.android:beta:1.1.0:11:5
MERGED from io.fabric.sdk.android:fabric:1.1.0:11:5
MERGED from io.fabric.sdk.android:fabric:1.1.0:11:5
MERGED from com.mopub.sdk.android:mopub:3.3.0:11:5
MERGED from com.android.support:support-v4:21.0.3:16:5
MERGED from io.fabric.sdk.android:fabric:1.1.0:11:5
MERGED from io.nlopez.smartlocation:library:3.0.1:17:5
	android:label
		ADDED from AndroidManifest.xml:21:9
	android:allowBackup
		ADDED from AndroidManifest.xml:18:9
	android:icon
		ADDED from AndroidManifest.xml:19:9
	android:theme
		ADDED from AndroidManifest.xml:22:9
	android:name
		ADDED from AndroidManifest.xml:20:9
activity#com.david.socialhere.activity.UserMainActivity
ADDED from AndroidManifest.xml:23:9
	android:label
		ADDED from AndroidManifest.xml:25:13
	android:theme
		ADDED from AndroidManifest.xml:26:13
	android:name
		ADDED from AndroidManifest.xml:24:13
intent-filter#android.intent.action.MAIN+android.intent.category.LAUNCHER
ADDED from AndroidManifest.xml:27:13
action#android.intent.action.MAIN
ADDED from AndroidManifest.xml:28:17
	android:name
		ADDED from AndroidManifest.xml:28:25
category#android.intent.category.LAUNCHER
ADDED from AndroidManifest.xml:30:17
	android:name
		ADDED from AndroidManifest.xml:30:27
activity#com.david.socialhere.activity.SettingActivity
ADDED from AndroidManifest.xml:34:9
	android:name
		ADDED from AndroidManifest.xml:34:19
meta-data#com.google.android.gms.version
ADDED from AndroidManifest.xml:36:9
MERGED from com.google.android.gms:play-services:6.5.87:21:9
MERGED from io.nlopez.smartlocation:library:3.0.1:25:9
	android:name
		ADDED from AndroidManifest.xml:36:20
	android:value
		ADDED from AndroidManifest.xml:36:66
meta-data#com.google.android.maps.v2.API_KEY
ADDED from AndroidManifest.xml:37:9
	android:name
		ADDED from AndroidManifest.xml:37:20
	android:value
		ADDED from AndroidManifest.xml:37:70
activity#com.google.android.gms.ads.AdActivity
ADDED from AndroidManifest.xml:38:9
	android:configChanges
		ADDED from AndroidManifest.xml:39:13
	android:theme
		ADDED from AndroidManifest.xml:40:13
	android:name
		ADDED from AndroidManifest.xml:38:19
meta-data#com.crashlytics.ApiKey
ADDED from AndroidManifest.xml:41:9
	android:name
		ADDED from AndroidManifest.xml:41:20
	android:value
		ADDED from AndroidManifest.xml:41:58
activity#com.mopub.mobileads.MoPubActivity
ADDED from AndroidManifest.xml:43:9
	android:configChanges
		ADDED from AndroidManifest.xml:44:13
	android:name
		ADDED from AndroidManifest.xml:43:19
activity#com.mopub.mobileads.MraidActivity
ADDED from AndroidManifest.xml:45:9
	android:configChanges
		ADDED from AndroidManifest.xml:46:13
	android:name
		ADDED from AndroidManifest.xml:45:19
activity#com.mopub.common.MoPubBrowser
ADDED from AndroidManifest.xml:47:9
	android:configChanges
		ADDED from AndroidManifest.xml:48:13
	android:name
		ADDED from AndroidManifest.xml:47:19
activity#com.mopub.mobileads.MraidVideoPlayerActivity
ADDED from AndroidManifest.xml:49:9
	android:configChanges
		ADDED from AndroidManifest.xml:50:13
	android:name
		ADDED from AndroidManifest.xml:49:19
uses-sdk
INJECTED from AndroidManifest.xml:0:0 reason: use-sdk injection requested
MERGED from com.nhaarman.listviewanimations:lib-core:3.1.0:22:5
MERGED from com.android.support:cardview-v7:21.0.3:15:5
MERGED from com.github.gabrielemariotti.cards:library:1.9.1:24:5
MERGED from com.android.support:support-v4:21.0.3:15:5
MERGED from com.android.support:appcompat-v7:21.0.3:15:5
MERGED from com.android.support:support-v4:21.0.3:15:5
MERGED from com.google.android.gms:play-services:6.5.87:18:5
MERGED from com.android.support:support-v4:21.0.3:15:5
MERGED from com.github.johnkil.android-robototextview:robototextview:2.2.0:8:5
MERGED from com.melnykov:floatingactionbutton:1.1.0:8:5
MERGED from com.android.support:recyclerview-v7:21.0.0:15:5
MERGED from com.android.support:support-v4:21.0.3:15:5
MERGED from com.android.support:palette-v7:21.0.3:15:5
MERGED from com.android.support:support-v4:21.0.3:15:5
MERGED from com.github.markushi:android-ui:1.2:7:5
MERGED from it.neokree:MaterialNavigationDrawer:1.2.9:8:5
MERGED from com.android.support:appcompat-v7:21.0.3:15:5
MERGED from com.android.support:support-v4:21.0.3:15:5
MERGED from com.github.markushi:android-ui:1.2:7:5
MERGED from com.crashlytics.sdk.android:crashlytics:2.2.0:7:5
MERGED from com.crashlytics.sdk.android:answers:1.1.0:7:5
MERGED from io.fabric.sdk.android:fabric:1.1.0:7:5
MERGED from com.crashlytics.sdk.android:beta:1.1.0:7:5
MERGED from io.fabric.sdk.android:fabric:1.1.0:7:5
MERGED from io.fabric.sdk.android:fabric:1.1.0:7:5
MERGED from com.mopub.sdk.android:mopub:3.3.0:7:5
MERGED from com.android.support:support-v4:21.0.3:15:5
MERGED from io.fabric.sdk.android:fabric:1.1.0:7:5
MERGED from io.nlopez.smartlocation:library:3.0.1:7:5
	android:targetSdkVersion
		INJECTED from AndroidManifest.xml:0:0
		INJECTED from AndroidManifest.xml:0:0
	android:minSdkVersion
		INJECTED from AndroidManifest.xml:0:0
		INJECTED from AndroidManifest.xml:0:0
	tools:overrideLibrary
		ADDED from it.neokree:MaterialNavigationDrawer:1.2.9:11:9
activity#android.support.v7.widget.TestActivity
ADDED from com.android.support:recyclerview-v7:21.0.0:18:9
	android:label
		ADDED from com.android.support:recyclerview-v7:21.0.0:18:19
	android:name
		ADDED from com.android.support:recyclerview-v7:21.0.0:18:60
uses-permission#com.google.android.gms.permission.ACTIVITY_RECOGNITION
ADDED from io.nlopez.smartlocation:library:3.0.1:15:5
	android:name
		ADDED from io.nlopez.smartlocation:library:3.0.1:15:22
service#io.nlopez.smartlocation.activity.providers.ActivityGooglePlayServicesProvider$ActivityRecognitionService
ADDED from io.nlopez.smartlocation:library:3.0.1:18:9
	android:exported
		ADDED from io.nlopez.smartlocation:library:3.0.1:20:13
	android:name
		ADDED from io.nlopez.smartlocation:library:3.0.1:19:13
service#io.nlopez.smartlocation.geofencing.providers.GeofencingGooglePlayServicesProvider$GeofencingService
ADDED from io.nlopez.smartlocation:library:3.0.1:21:9
	android:exported
		ADDED from io.nlopez.smartlocation:library:3.0.1:23:13
	android:name
		ADDED from io.nlopez.smartlocation:library:3.0.1:22:13